{
  "RSpec": {
    "coverage": {
      "/home/ad/fshome5/u5/s/sarapajo/Linux/Rubiini/ratebeer/app/models/rating.rb": [
        null,
        1,
        1,
        null,
        null,
        null,
        1,
        1,
        null,
        1,
        28,
        null,
        null
      ],
      "/home/ad/fshome5/u5/s/sarapajo/Linux/Rubiini/ratebeer/app/helpers/application_helper.rb": [
        1,
        null
      ],
      "/home/ad/fshome5/u5/s/sarapajo/Linux/Rubiini/ratebeer/app/helpers/beer_clubs_helper.rb": [
        1,
        null
      ],
      "/home/ad/fshome5/u5/s/sarapajo/Linux/Rubiini/ratebeer/app/helpers/beers_helper.rb": [
        1,
        null
      ],
      "/home/ad/fshome5/u5/s/sarapajo/Linux/Rubiini/ratebeer/app/helpers/breweries_helper.rb": [
        1,
        null
      ],
      "/home/ad/fshome5/u5/s/sarapajo/Linux/Rubiini/ratebeer/app/helpers/memberships_helper.rb": [
        1,
        null
      ],
      "/home/ad/fshome5/u5/s/sarapajo/Linux/Rubiini/ratebeer/app/helpers/users_helper.rb": [
        1,
        null
      ],
      "/home/ad/fshome5/u5/s/sarapajo/Linux/Rubiini/ratebeer/app/models/beer.rb": [
        null,
        1,
        1,
        null,
        1,
        1,
        null,
        1,
        1,
        1,
        null,
        1,
        2,
        null,
        null
      ],
      "/home/ad/fshome5/u5/s/sarapajo/Linux/Rubiini/ratebeer/app/models/concerns/rating_average.rb": [
        1,
        1,
        null,
        1,
        5,
        null,
        null
      ],
      "/home/ad/fshome5/u5/s/sarapajo/Linux/Rubiini/ratebeer/app/models/brewery.rb": [
        1,
        1,
        null,
        1,
        29,
        null,
        1,
        1,
        null
      ],
      "/home/ad/fshome5/u5/s/sarapajo/Linux/Rubiini/ratebeer/app/models/user.rb": [
        1,
        1,
        null,
        1,
        null,
        null,
        1,
        null,
        null,
        null,
        null,
        null,
        1,
        1,
        1,
        1,
        null,
        1,
        null,
        1,
        3,
        2,
        null,
        null,
        1,
        9,
        9,
        46,
        9,
        14,
        14,
        11,
        11,
        null,
        null,
        9,
        null,
        null,
        1,
        102,
        14,
        null,
        null,
        1,
        9,
        9,
        46,
        9,
        12,
        12,
        11,
        11,
        null,
        null,
        9,
        null,
        null,
        1,
        84,
        12,
        null,
        null
      ],
      "/home/ad/fshome5/u5/s/sarapajo/Linux/Rubiini/ratebeer/app/controllers/sessions_controller.rb": [
        1,
        1,
        null,
        null,
        null,
        1,
        8,
        8,
        7,
        7,
        null,
        1,
        null,
        null,
        null,
        1,
        null,
        0,
        null,
        0,
        null,
        null
      ],
      "/home/ad/fshome5/u5/s/sarapajo/Linux/Rubiini/ratebeer/app/controllers/application_controller.rb": [
        1,
        null,
        null,
        null,
        1,
        null,
        null,
        1,
        null,
        1,
        123,
        81,
        null,
        null,
        1,
        4,
        null,
        null
      ],
      "/home/ad/fshome5/u5/s/sarapajo/Linux/Rubiini/ratebeer/app/controllers/users_controller.rb": [
        1,
        1,
        null,
        null,
        null,
        1,
        0,
        null,
        null,
        null,
        null,
        1,
        null,
        null,
        null,
        1,
        1,
        null,
        null,
        null,
        1,
        null,
        null,
        null,
        null,
        1,
        1,
        null,
        1,
        1,
        2,
        1,
        null,
        0,
        0,
        null,
        null,
        null,
        null,
        null,
        null,
        1,
        0,
        0,
        0,
        0,
        null,
        0,
        0,
        null,
        null,
        null,
        null,
        null,
        null,
        1,
        0,
        0,
        0,
        null,
        0,
        0,
        0,
        null,
        null,
        null,
        1,
        null,
        1,
        14,
        null,
        null,
        null,
        1,
        1,
        null,
        null
      ],
      "/home/ad/fshome5/u5/s/sarapajo/Linux/Rubiini/ratebeer/app/models/membership.rb": [
        1,
        1,
        1,
        null
      ],
      "/home/ad/fshome5/u5/s/sarapajo/Linux/Rubiini/ratebeer/app/models/beer_club.rb": [
        1,
        1,
        1,
        null
      ],
      "/home/ad/fshome5/u5/s/sarapajo/Linux/Rubiini/ratebeer/app/controllers/beers_controller.rb": [
        null,
        1,
        1,
        1,
        1,
        null,
        null,
        null,
        1,
        1,
        null,
        null,
        null,
        null,
        1,
        null,
        null,
        null,
        1,
        2,
        null,
        null,
        null,
        null,
        null,
        1,
        null,
        null,
        null,
        null,
        null,
        null,
        1,
        2,
        null,
        2,
        2,
        2,
        1,
        null,
        1,
        1,
        2,
        1,
        null,
        null,
        null,
        null,
        null,
        null,
        1,
        0,
        0,
        0,
        0,
        null,
        0,
        0,
        null,
        null,
        null,
        null,
        null,
        null,
        1,
        0,
        0,
        0,
        0,
        null,
        null,
        null,
        1,
        null,
        1,
        0,
        null,
        null,
        1,
        2,
        2,
        null,
        null,
        null,
        1,
        2,
        null,
        null
      ],
      "/home/ad/fshome5/u5/s/sarapajo/Linux/Rubiini/ratebeer/app/controllers/breweries_controller.rb": [
        1,
        1,
        1,
        null,
        null,
        null,
        1,
        3,
        null,
        null,
        null,
        null,
        1,
        null,
        null,
        null,
        1,
        0,
        null,
        null,
        null,
        1,
        null,
        null,
        null,
        null,
        1,
        0,
        null,
        0,
        0,
        0,
        0,
        null,
        0,
        0,
        null,
        null,
        null,
        null,
        null,
        null,
        1,
        0,
        0,
        0,
        0,
        null,
        0,
        0,
        null,
        null,
        null,
        null,
        null,
        null,
        1,
        0,
        0,
        0,
        0,
        null,
        null,
        null,
        1,
        null,
        null,
        1,
        1,
        null,
        null,
        null,
        1,
        0,
        null,
        null
      ],
      "/home/ad/fshome5/u5/s/sarapajo/Linux/Rubiini/ratebeer/lib/beermapping_api.rb": [
        1,
        1,
        5,
        8,
        null,
        null,
        1,
        null,
        1,
        3,
        null,
        3,
        3,
        null,
        3,
        null,
        2,
        2,
        4,
        null,
        null,
        null,
        1,
        3,
        null,
        null
      ],
      "/home/ad/fshome5/u5/s/sarapajo/Linux/Rubiini/ratebeer/app/models/place.rb": [
        1,
        1,
        1,
        null,
        1,
        6,
        null,
        null
      ],
      "/home/ad/fshome5/u5/s/sarapajo/Linux/Rubiini/ratebeer/app/controllers/places_controller.rb": [
        1,
        1,
        null,
        null,
        1,
        3,
        3,
        1,
        null,
        2,
        null,
        null,
        null
      ],
      "/home/ad/fshome5/u5/s/sarapajo/Linux/Rubiini/ratebeer/app/controllers/ratings_controller.rb": [
        null,
        1,
        1,
        1,
        null,
        null,
        1,
        1,
        1,
        null,
        null,
        1,
        1,
        null,
        1,
        0,
        1,
        1,
        1,
        null,
        0,
        0,
        null,
        null,
        null,
        1,
        1,
        1,
        1,
        null,
        null
      ],
      "/home/ad/fshome5/u5/s/sarapajo/Linux/Rubiini/ratebeer/app/controllers/memberships_controller.rb": [
        0,
        0,
        0,
        0,
        0,
        0,
        0,
        0,
        0,
        0,
        0,
        0,
        0,
        0,
        0,
        0,
        0,
        0,
        0,
        0,
        0,
        0,
        0,
        0,
        0,
        0,
        0,
        0,
        0,
        0,
        0,
        0,
        0,
        0,
        0,
        0,
        0,
        0,
        0,
        0,
        0,
        0,
        0,
        0,
        0,
        0,
        0,
        0,
        0,
        0,
        0,
        0,
        0,
        0,
        0,
        0,
        0,
        0,
        0,
        0,
        0,
        0,
        0,
        0,
        0,
        0,
        0,
        0,
        0,
        0,
        0,
        0,
        0,
        0
      ],
      "/home/ad/fshome5/u5/s/sarapajo/Linux/Rubiini/ratebeer/app/controllers/beer_clubs_controller.rb": [
        0,
        0,
        0,
        0,
        0,
        0,
        0,
        0,
        0,
        0,
        0,
        0,
        0,
        0,
        0,
        0,
        0,
        0,
        0,
        0,
        0,
        0,
        0,
        0,
        0,
        0,
        0,
        0,
        0,
        0,
        0,
        0,
        0,
        0,
        0,
        0,
        0,
        0,
        0,
        0,
        0,
        0,
        0,
        0,
        0,
        0,
        0,
        0,
        0,
        0,
        0,
        0,
        0,
        0,
        0,
        0,
        0,
        0,
        0,
        0,
        0,
        0,
        0,
        0,
        0,
        0,
        0,
        0,
        0,
        0,
        0,
        0,
        0,
        0,
        0
      ]
    },
    "timestamp": 1455878919
  }
}
